<?xml version="1.0" encoding="UTF-8"?>
<testsuite xmlns:xsi="http://www.w3.org/2001/XMLSchema-instance" xsi:noNamespaceSchemaLocation="https://maven.apache.org/surefire/maven-surefire-plugin/xsd/surefire-test-report.xsd" version="3.0.2" name="pvin.springframework.spring5_jokes_app_v2.Spring5JokesAppV2ApplicationTests" time="2.479" tests="1" errors="0" skipped="0" failures="0">
  <properties>
[...]
</properties>
  <testcase name="contextLoads" classname="pvin.springframework.spring5_jokes_app_v2.Spring5JokesAppV2ApplicationTests" time="0.717">
    <system-out><![CDATA[11:47:38.389 [main] INFO org.springframework.test.context.support.AnnotationConfigContextLoaderUtils -- Could not detect default configuration classes for test class [pvin.springframework.spring5_jokes_app_v2.Spring5JokesAppV2ApplicationTests]: Spring5JokesAppV2ApplicationTests does not declare any static, non-private, non-final, nested classes annotated with @Configuration.
11:47:38.505 [main] INFO org.springframework.boot.test.context.SpringBootTestContextBootstrapper -- Found @SpringBootConfiguration pvin.springframework.spring5_jokes_app_v2.Spring5JokesAppV2Application for test class pvin.springframework.spring5_jokes_app_v2.Spring5JokesAppV2ApplicationTests

  .   ____          _            __ _ _
 /\\ / ___'_ __ _ _(_)_ __  __ _ \ \ \ \
( ( )\___ | '_ | '_| | '_ \/ _` | \ \ \ \
 \\/  ___)| |_)| | | | | || (_| |  ) ) ) )
  '  |____| .__|_| |_|_| |_\__, | / / / /
 =========|_|==============|___/=/_/_/_/

 :: Spring Boot ::                (v3.4.1)

2025-01-10T11:47:38.908-06:00  INFO 14175 --- [spring5-jokes-app-v2] [           main] p.s.s.Spring5JokesAppV2ApplicationTests  : Starting Spring5JokesAppV2ApplicationTests using Java 17.0.13 with PID 14175 (started by kcarrillo in /Users/kcarrillo/Developer/Working/Spring/spring5-jokes-app-v2)
2025-01-10T11:47:38.909-06:00  INFO 14175 --- [spring5-jokes-app-v2] [           main] p.s.s.Spring5JokesAppV2ApplicationTests  : No active profile set, falling back to 1 default profile: "default"
2025-01-10T11:47:39.890-06:00  WARN 14175 --- [spring5-jokes-app-v2] [           main] ion$DefaultTemplateResolverConfiguration : Cannot find template location: classpath:/templates/ (please add some templates, check your Thymeleaf configuration, or set spring.thymeleaf.check-template-location=false)
2025-01-10T11:47:39.951-06:00  INFO 14175 --- [spring5-jokes-app-v2] [           main] p.s.s.Spring5JokesAppV2ApplicationTests  : Started Spring5JokesAppV2ApplicationTests in 1.302 seconds (process running for 2.283)
]]></system-out>
  </testcase>
</testsuite>